Analysis & Synthesis report for Part5
Fri Nov 09 10:48:37 2018
Quartus Prime Version 18.1.0 Build 625 09/12/2018 SJ Lite Edition


---------------------
; Table of Contents ;
---------------------
  1. Legal Notice
  2. Analysis & Synthesis Summary
  3. Analysis & Synthesis Settings
  4. Parallel Compilation
  5. Analysis & Synthesis Messages



----------------
; Legal Notice ;
----------------
Copyright (C) 2018  Intel Corporation. All rights reserved.
Your use of Intel Corporation's design tools, logic functions 
and other software and tools, and its AMPP partner logic 
functions, and any output files from any of the foregoing 
(including device programming or simulation files), and any 
associated documentation or information are expressly subject 
to the terms and conditions of the Intel Program License 
Subscription Agreement, the Intel Quartus Prime License Agreement,
the Intel FPGA IP License Agreement, or other applicable license
agreement, including, without limitation, that your use is for
the sole purpose of programming logic devices manufactured by
Intel and sold by Intel or its authorized distributors.  Please
refer to the applicable agreement for further details.



+----------------------------------------------------------------------------------+
; Analysis & Synthesis Summary                                                     ;
+------------------------------------+---------------------------------------------+
; Analysis & Synthesis Status        ; Failed - Fri Nov 09 10:48:37 2018           ;
; Quartus Prime Version              ; 18.1.0 Build 625 09/12/2018 SJ Lite Edition ;
; Revision Name                      ; Part5                                       ;
; Top-level Entity Name              ; Part5                                       ;
; Family                             ; Cyclone IV E                                ;
; Total logic elements               ; N/A until Partition Merge                   ;
;     Total combinational functions  ; N/A until Partition Merge                   ;
;     Dedicated logic registers      ; N/A until Partition Merge                   ;
; Total registers                    ; N/A until Partition Merge                   ;
; Total pins                         ; N/A until Partition Merge                   ;
; Total virtual pins                 ; N/A until Partition Merge                   ;
; Total memory bits                  ; N/A until Partition Merge                   ;
; Embedded Multiplier 9-bit elements ; N/A until Partition Merge                   ;
; Total PLLs                         ; N/A until Partition Merge                   ;
+------------------------------------+---------------------------------------------+


+------------------------------------------------------------------------------------------------------------+
; Analysis & Synthesis Settings                                                                              ;
+------------------------------------------------------------------+--------------------+--------------------+
; Option                                                           ; Setting            ; Default Value      ;
+------------------------------------------------------------------+--------------------+--------------------+
; Device                                                           ; EP4CE115F29C7      ;                    ;
; Top-level entity name                                            ; Part5              ; Part5              ;
; Family name                                                      ; Cyclone IV E       ; Cyclone V          ;
; Use smart compilation                                            ; Off                ; Off                ;
; Enable parallel Assembler and Timing Analyzer during compilation ; On                 ; On                 ;
; Enable compact report table                                      ; Off                ; Off                ;
; Restructure Multiplexers                                         ; Auto               ; Auto               ;
; Create Debugging Nodes for IP Cores                              ; Off                ; Off                ;
; Preserve fewer node names                                        ; On                 ; On                 ;
; Intel FPGA IP Evaluation Mode                                    ; Enable             ; Enable             ;
; Verilog Version                                                  ; Verilog_2001       ; Verilog_2001       ;
; VHDL Version                                                     ; VHDL_1993          ; VHDL_1993          ;
; State Machine Processing                                         ; Auto               ; Auto               ;
; Safe State Machine                                               ; Off                ; Off                ;
; Extract Verilog State Machines                                   ; On                 ; On                 ;
; Extract VHDL State Machines                                      ; On                 ; On                 ;
; Ignore Verilog initial constructs                                ; Off                ; Off                ;
; Iteration limit for constant Verilog loops                       ; 5000               ; 5000               ;
; Iteration limit for non-constant Verilog loops                   ; 250                ; 250                ;
; Add Pass-Through Logic to Inferred RAMs                          ; On                 ; On                 ;
; Infer RAMs from Raw Logic                                        ; On                 ; On                 ;
; Parallel Synthesis                                               ; On                 ; On                 ;
; DSP Block Balancing                                              ; Auto               ; Auto               ;
; NOT Gate Push-Back                                               ; On                 ; On                 ;
; Power-Up Don't Care                                              ; On                 ; On                 ;
; Remove Redundant Logic Cells                                     ; Off                ; Off                ;
; Remove Duplicate Registers                                       ; On                 ; On                 ;
; Ignore CARRY Buffers                                             ; Off                ; Off                ;
; Ignore CASCADE Buffers                                           ; Off                ; Off                ;
; Ignore GLOBAL Buffers                                            ; Off                ; Off                ;
; Ignore ROW GLOBAL Buffers                                        ; Off                ; Off                ;
; Ignore LCELL Buffers                                             ; Off                ; Off                ;
; Ignore SOFT Buffers                                              ; On                 ; On                 ;
; Limit AHDL Integers to 32 Bits                                   ; Off                ; Off                ;
; Optimization Technique                                           ; Balanced           ; Balanced           ;
; Carry Chain Length                                               ; 70                 ; 70                 ;
; Auto Carry Chains                                                ; On                 ; On                 ;
; Auto Open-Drain Pins                                             ; On                 ; On                 ;
; Perform WYSIWYG Primitive Resynthesis                            ; Off                ; Off                ;
; Auto ROM Replacement                                             ; On                 ; On                 ;
; Auto RAM Replacement                                             ; On                 ; On                 ;
; Auto DSP Block Replacement                                       ; On                 ; On                 ;
; Auto Shift Register Replacement                                  ; Auto               ; Auto               ;
; Allow Shift Register Merging across Hierarchies                  ; Auto               ; Auto               ;
; Auto Clock Enable Replacement                                    ; On                 ; On                 ;
; Strict RAM Replacement                                           ; Off                ; Off                ;
; Allow Synchronous Control Signals                                ; On                 ; On                 ;
; Force Use of Synchronous Clear Signals                           ; Off                ; Off                ;
; Auto RAM Block Balancing                                         ; On                 ; On                 ;
; Auto RAM to Logic Cell Conversion                                ; Off                ; Off                ;
; Auto Resource Sharing                                            ; Off                ; Off                ;
; Allow Any RAM Size For Recognition                               ; Off                ; Off                ;
; Allow Any ROM Size For Recognition                               ; Off                ; Off                ;
; Allow Any Shift Register Size For Recognition                    ; Off                ; Off                ;
; Use LogicLock Constraints during Resource Balancing              ; On                 ; On                 ;
; Ignore translate_off and synthesis_off directives                ; Off                ; Off                ;
; Timing-Driven Synthesis                                          ; On                 ; On                 ;
; Report Parameter Settings                                        ; On                 ; On                 ;
; Report Source Assignments                                        ; On                 ; On                 ;
; Report Connectivity Checks                                       ; On                 ; On                 ;
; Ignore Maximum Fan-Out Assignments                               ; Off                ; Off                ;
; Synchronization Register Chain Length                            ; 2                  ; 2                  ;
; Power Optimization During Synthesis                              ; Normal compilation ; Normal compilation ;
; HDL message level                                                ; Level2             ; Level2             ;
; Suppress Register Optimization Related Messages                  ; Off                ; Off                ;
; Number of Removed Registers Reported in Synthesis Report         ; 5000               ; 5000               ;
; Number of Swept Nodes Reported in Synthesis Report               ; 5000               ; 5000               ;
; Number of Inverted Registers Reported in Synthesis Report        ; 100                ; 100                ;
; Clock MUX Protection                                             ; On                 ; On                 ;
; Auto Gated Clock Conversion                                      ; Off                ; Off                ;
; Block Design Naming                                              ; Auto               ; Auto               ;
; SDC constraint protection                                        ; Off                ; Off                ;
; Synthesis Effort                                                 ; Auto               ; Auto               ;
; Shift Register Replacement - Allow Asynchronous Clear Signal     ; On                 ; On                 ;
; Pre-Mapping Resynthesis Optimization                             ; Off                ; Off                ;
; Analysis & Synthesis Message Level                               ; Medium             ; Medium             ;
; Disable Register Merging Across Hierarchies                      ; Auto               ; Auto               ;
; Resource Aware Inference For Block RAM                           ; On                 ; On                 ;
+------------------------------------------------------------------+--------------------+--------------------+


+------------------------------------------+
; Parallel Compilation                     ;
+----------------------------+-------------+
; Processors                 ; Number      ;
+----------------------------+-------------+
; Number detected on machine ; 2           ;
; Maximum allowed            ; 2           ;
;                            ;             ;
; Average used               ; 1.00        ;
; Maximum used               ; 1           ;
;                            ;             ;
; Usage by Processor         ; % Time Used ;
;     Processor 1            ; 100.0%      ;
+----------------------------+-------------+


+-------------------------------+
; Analysis & Synthesis Messages ;
+-------------------------------+
Info: *******************************************************************
Info: Running Quartus Prime Analysis & Synthesis
    Info: Version 18.1.0 Build 625 09/12/2018 SJ Lite Edition
    Info: Processing started: Fri Nov 09 10:48:27 2018
Info: Command: quartus_map --read_settings_files=on --write_settings_files=off Part5 -c Part5
Warning (18236): Number of processors has not been specified which may cause overloading on shared machines.  Set the global assignment NUM_PARALLEL_PROCESSORS in your QSF to an appropriate value for best performance.
Info (20030): Parallel compilation is enabled and will use 2 of the 2 processors detected
Info (12021): Found 4 design units, including 4 entities, in source file part5.v
    Info (12023): Found entity 1: seven_segment_display File: C:/Users/USER1/Digital Logic/BasicSequentialLogic/Part5/Part5.v Line: 7
    Info (12023): Found entity 2: gated_d_latch File: C:/Users/USER1/Digital Logic/BasicSequentialLogic/Part5/Part5.v Line: 28
    Info (12023): Found entity 3: ped_flip_flop File: C:/Users/USER1/Digital Logic/BasicSequentialLogic/Part5/Part5.v Line: 41
    Info (12023): Found entity 4: Part5 File: C:/Users/USER1/Digital Logic/BasicSequentialLogic/Part5/Part5.v Line: 57
Info (12127): Elaborating entity "Part5" for the top level hierarchy
Warning (10240): Verilog HDL Always Construct warning at Part5.v(74): inferring latch(es) for variable "clk", which holds its previous value in one or more paths through the always construct File: C:/Users/USER1/Digital Logic/BasicSequentialLogic/Part5/Part5.v Line: 74
Warning (10240): Verilog HDL Always Construct warning at Part5.v(74): inferring latch(es) for variable "key_state", which holds its previous value in one or more paths through the always construct File: C:/Users/USER1/Digital Logic/BasicSequentialLogic/Part5/Part5.v Line: 74
Warning (10240): Verilog HDL Always Construct warning at Part5.v(74): inferring latch(es) for variable "latch_in", which holds its previous value in one or more paths through the always construct File: C:/Users/USER1/Digital Logic/BasicSequentialLogic/Part5/Part5.v Line: 74
Warning (10235): Verilog HDL Always Construct warning at Part5.v(89): variable "key_state" is read inside the Always Construct but isn't in the Always Construct's Event Control File: C:/Users/USER1/Digital Logic/BasicSequentialLogic/Part5/Part5.v Line: 89
Warning (10240): Verilog HDL Always Construct warning at Part5.v(88): inferring latch(es) for variable "out2", which holds its previous value in one or more paths through the always construct File: C:/Users/USER1/Digital Logic/BasicSequentialLogic/Part5/Part5.v Line: 88
Info (10041): Inferred latch for "out2[0]" at Part5.v(89) File: C:/Users/USER1/Digital Logic/BasicSequentialLogic/Part5/Part5.v Line: 89
Info (10041): Inferred latch for "out2[1]" at Part5.v(89) File: C:/Users/USER1/Digital Logic/BasicSequentialLogic/Part5/Part5.v Line: 89
Info (10041): Inferred latch for "out2[2]" at Part5.v(89) File: C:/Users/USER1/Digital Logic/BasicSequentialLogic/Part5/Part5.v Line: 89
Info (10041): Inferred latch for "out2[3]" at Part5.v(89) File: C:/Users/USER1/Digital Logic/BasicSequentialLogic/Part5/Part5.v Line: 89
Info (10041): Inferred latch for "out2[4]" at Part5.v(89) File: C:/Users/USER1/Digital Logic/BasicSequentialLogic/Part5/Part5.v Line: 89
Info (10041): Inferred latch for "out2[5]" at Part5.v(89) File: C:/Users/USER1/Digital Logic/BasicSequentialLogic/Part5/Part5.v Line: 89
Info (10041): Inferred latch for "out2[6]" at Part5.v(89) File: C:/Users/USER1/Digital Logic/BasicSequentialLogic/Part5/Part5.v Line: 89
Info (10041): Inferred latch for "out2[7]" at Part5.v(89) File: C:/Users/USER1/Digital Logic/BasicSequentialLogic/Part5/Part5.v Line: 89
Info (10041): Inferred latch for "out2[8]" at Part5.v(89) File: C:/Users/USER1/Digital Logic/BasicSequentialLogic/Part5/Part5.v Line: 89
Info (10041): Inferred latch for "out2[9]" at Part5.v(89) File: C:/Users/USER1/Digital Logic/BasicSequentialLogic/Part5/Part5.v Line: 89
Info (10041): Inferred latch for "out2[10]" at Part5.v(89) File: C:/Users/USER1/Digital Logic/BasicSequentialLogic/Part5/Part5.v Line: 89
Info (10041): Inferred latch for "out2[11]" at Part5.v(89) File: C:/Users/USER1/Digital Logic/BasicSequentialLogic/Part5/Part5.v Line: 89
Info (10041): Inferred latch for "out2[12]" at Part5.v(89) File: C:/Users/USER1/Digital Logic/BasicSequentialLogic/Part5/Part5.v Line: 89
Info (10041): Inferred latch for "out2[13]" at Part5.v(89) File: C:/Users/USER1/Digital Logic/BasicSequentialLogic/Part5/Part5.v Line: 89
Info (10041): Inferred latch for "out2[14]" at Part5.v(89) File: C:/Users/USER1/Digital Logic/BasicSequentialLogic/Part5/Part5.v Line: 89
Info (10041): Inferred latch for "out2[15]" at Part5.v(89) File: C:/Users/USER1/Digital Logic/BasicSequentialLogic/Part5/Part5.v Line: 89
Info (10041): Inferred latch for "latch_in[0]" at Part5.v(74) File: C:/Users/USER1/Digital Logic/BasicSequentialLogic/Part5/Part5.v Line: 74
Info (10041): Inferred latch for "latch_in[1]" at Part5.v(74) File: C:/Users/USER1/Digital Logic/BasicSequentialLogic/Part5/Part5.v Line: 74
Info (10041): Inferred latch for "latch_in[2]" at Part5.v(74) File: C:/Users/USER1/Digital Logic/BasicSequentialLogic/Part5/Part5.v Line: 74
Info (10041): Inferred latch for "latch_in[3]" at Part5.v(74) File: C:/Users/USER1/Digital Logic/BasicSequentialLogic/Part5/Part5.v Line: 74
Info (10041): Inferred latch for "latch_in[4]" at Part5.v(74) File: C:/Users/USER1/Digital Logic/BasicSequentialLogic/Part5/Part5.v Line: 74
Info (10041): Inferred latch for "latch_in[5]" at Part5.v(74) File: C:/Users/USER1/Digital Logic/BasicSequentialLogic/Part5/Part5.v Line: 74
Info (10041): Inferred latch for "latch_in[6]" at Part5.v(74) File: C:/Users/USER1/Digital Logic/BasicSequentialLogic/Part5/Part5.v Line: 74
Info (10041): Inferred latch for "latch_in[7]" at Part5.v(74) File: C:/Users/USER1/Digital Logic/BasicSequentialLogic/Part5/Part5.v Line: 74
Info (10041): Inferred latch for "latch_in[8]" at Part5.v(74) File: C:/Users/USER1/Digital Logic/BasicSequentialLogic/Part5/Part5.v Line: 74
Info (10041): Inferred latch for "latch_in[9]" at Part5.v(74) File: C:/Users/USER1/Digital Logic/BasicSequentialLogic/Part5/Part5.v Line: 74
Info (10041): Inferred latch for "latch_in[10]" at Part5.v(74) File: C:/Users/USER1/Digital Logic/BasicSequentialLogic/Part5/Part5.v Line: 74
Info (10041): Inferred latch for "latch_in[11]" at Part5.v(74) File: C:/Users/USER1/Digital Logic/BasicSequentialLogic/Part5/Part5.v Line: 74
Info (10041): Inferred latch for "latch_in[12]" at Part5.v(74) File: C:/Users/USER1/Digital Logic/BasicSequentialLogic/Part5/Part5.v Line: 74
Info (10041): Inferred latch for "latch_in[13]" at Part5.v(74) File: C:/Users/USER1/Digital Logic/BasicSequentialLogic/Part5/Part5.v Line: 74
Info (10041): Inferred latch for "latch_in[14]" at Part5.v(74) File: C:/Users/USER1/Digital Logic/BasicSequentialLogic/Part5/Part5.v Line: 74
Info (10041): Inferred latch for "latch_in[15]" at Part5.v(74) File: C:/Users/USER1/Digital Logic/BasicSequentialLogic/Part5/Part5.v Line: 74
Info (10041): Inferred latch for "key_state" at Part5.v(74) File: C:/Users/USER1/Digital Logic/BasicSequentialLogic/Part5/Part5.v Line: 74
Info (10041): Inferred latch for "clk" at Part5.v(74) File: C:/Users/USER1/Digital Logic/BasicSequentialLogic/Part5/Part5.v Line: 74
Error (10028): Can't resolve multiple constant drivers for net "clk" at Part5.v(93) File: C:/Users/USER1/Digital Logic/BasicSequentialLogic/Part5/Part5.v Line: 93
Error (10029): Constant driver at Part5.v(74) File: C:/Users/USER1/Digital Logic/BasicSequentialLogic/Part5/Part5.v Line: 74
Error (12153): Can't elaborate top-level user hierarchy
Error: Quartus Prime Analysis & Synthesis was unsuccessful. 3 errors, 6 warnings
    Error: Peak virtual memory: 4723 megabytes
    Error: Processing ended: Fri Nov 09 10:48:38 2018
    Error: Elapsed time: 00:00:11
    Error: Total CPU time (on all processors): 00:00:23


